<?xml version="1.0" encoding="utf-8" standalone="no"?>
<test-run id="2" testcasecount="15" result="Passed" total="15" passed="15" failed="0" inconclusive="0" skipped="0" asserts="42" engine-version="3.6.1.0" clr-version="4.0.30319.42000" start-time="2017-05-18 16:55:17Z" end-time="2017-05-18 16:55:18Z" duration="1.110277">
  <command-line><![CDATA[nunit3-console.exe  C:\Users\wagne\OneDrive\Documents\git\VendingMachineKata\VendingMachineKata\VendingMachineKataTests\VendingMachineKataTests.csproj]]></command-line>
  <test-suite type="Assembly" id="1-1021" name="VendingMachineKataTests.dll" fullname="C:\Users\wagne\OneDrive\Documents\git\VendingMachineKata\VendingMachineKata\VendingMachineKataTests\bin\Debug\VendingMachineKataTests.dll" runstate="Runnable" testcasecount="15" result="Passed" start-time="2017-05-18 16:55:18Z" end-time="2017-05-18 16:55:18Z" duration="0.529121" total="15" passed="15" failed="0" warnings="0" inconclusive="0" skipped="0" asserts="42">
    <environment framework-version="3.6.1.0" clr-version="4.0.30319.42000" os-version="Microsoft Windows NT 10.0.14393.0" platform="Win32NT" cwd="C:\Users\wagne\OneDrive\Documents\git\VendingMachineKata\VendingMachineKata\packages\NUnit.ConsoleRunner.3.6.1\tools" machine-name="GABE-PC" user="wagne" user-domain="GABE-PC" culture="en-US" uiculture="en-US" os-architecture="x64" />
    <settings>
      <setting name="BasePath" value="C:\Users\wagne\OneDrive\Documents\git\VendingMachineKata\VendingMachineKata\VendingMachineKataTests\bin\Debug\" />
      <setting name="DisposeRunners" value="True" />
      <setting name="WorkDirectory" value="C:\Users\wagne\OneDrive\Documents\git\VendingMachineKata\VendingMachineKata\packages\NUnit.ConsoleRunner.3.6.1\tools" />
      <setting name="ImageRuntimeVersion" value="4.0.30319" />
      <setting name="ImageTargetFrameworkName" value=".NETFramework,Version=v4.5" />
      <setting name="ImageRequiresX86" value="False" />
      <setting name="ImageRequiresDefaultAppDomainAssemblyResolver" value="False" />
      <setting name="NumberOfTestWorkers" value="8" />
    </settings>
    <properties>
      <property name="_PID" value="8620" />
      <property name="_APPDOMAIN" value="domain-953c342f-VendingMachineKataTests.csproj" />
    </properties>
    <test-suite type="TestSuite" id="1-1022" name="VendingMachineKataTests" fullname="VendingMachineKataTests" runstate="Runnable" testcasecount="15" result="Passed" start-time="2017-05-18 16:55:18Z" end-time="2017-05-18 16:55:18Z" duration="0.512960" total="15" passed="15" failed="0" warnings="0" inconclusive="0" skipped="0" asserts="42">
      <test-suite type="TestFixture" id="1-1000" name="AcceptCoinsTests" fullname="VendingMachineKataTests.AcceptCoinsTests" classname="VendingMachineKataTests.AcceptCoinsTests" runstate="Runnable" testcasecount="4" result="Passed" start-time="2017-05-18 16:55:18Z" end-time="2017-05-18 16:55:18Z" duration="0.096120" total="4" passed="4" failed="0" warnings="0" inconclusive="0" skipped="0" asserts="6">
        <test-case id="1-1001" name="DisplaysInsertCoinWhenNoCoinsInserted" fullname="VendingMachineKataTests.AcceptCoinsTests.DisplaysInsertCoinWhenNoCoinsInserted" methodname="DisplaysInsertCoinWhenNoCoinsInserted" classname="VendingMachineKataTests.AcceptCoinsTests" runstate="Runnable" seed="989888427" result="Passed" start-time="2017-05-18 16:55:18Z" end-time="2017-05-18 16:55:18Z" duration="0.030878" asserts="1" />
        <test-case id="1-1002" name="DisplaysProperAmountWhenOnlyValidCoinsInserted" fullname="VendingMachineKataTests.AcceptCoinsTests.DisplaysProperAmountWhenOnlyValidCoinsInserted" methodname="DisplaysProperAmountWhenOnlyValidCoinsInserted" classname="VendingMachineKataTests.AcceptCoinsTests" runstate="Runnable" seed="339190257" result="Passed" start-time="2017-05-18 16:55:18Z" end-time="2017-05-18 16:55:18Z" duration="0.003538" asserts="1" />
        <test-case id="1-1003" name="RejectsCoinsWhenOnlyInvalidCoinsInserted" fullname="VendingMachineKataTests.AcceptCoinsTests.RejectsCoinsWhenOnlyInvalidCoinsInserted" methodname="RejectsCoinsWhenOnlyInvalidCoinsInserted" classname="VendingMachineKataTests.AcceptCoinsTests" runstate="Runnable" seed="1095322347" result="Passed" start-time="2017-05-18 16:55:18Z" end-time="2017-05-18 16:55:18Z" duration="0.002771" asserts="2" />
        <test-case id="1-1004" name="RejectsInvalidCoinsAndAcceptValidCoins" fullname="VendingMachineKataTests.AcceptCoinsTests.RejectsInvalidCoinsAndAcceptValidCoins" methodname="RejectsInvalidCoinsAndAcceptValidCoins" classname="VendingMachineKataTests.AcceptCoinsTests" runstate="Runnable" seed="96812365" result="Passed" start-time="2017-05-18 16:55:18Z" end-time="2017-05-18 16:55:18Z" duration="0.000252" asserts="2" />
      </test-suite>
      <test-suite type="TestFixture" id="1-1005" name="ExactChangeOnlyTests" fullname="VendingMachineKataTests.ExactChangeOnlyTests" classname="VendingMachineKataTests.ExactChangeOnlyTests" runstate="Runnable" testcasecount="1" result="Passed" start-time="2017-05-18 16:55:18Z" end-time="2017-05-18 16:55:18Z" duration="0.018058" total="1" passed="1" failed="0" warnings="0" inconclusive="0" skipped="0" asserts="1">
        <test-case id="1-1006" name="DisplaysExactChangeOnlyWhenNotAbleToMakeChangeForAnyProducts" fullname="VendingMachineKataTests.ExactChangeOnlyTests.DisplaysExactChangeOnlyWhenNotAbleToMakeChangeForAnyProducts" methodname="DisplaysExactChangeOnlyWhenNotAbleToMakeChangeForAnyProducts" classname="VendingMachineKataTests.ExactChangeOnlyTests" runstate="Runnable" seed="1771068628" result="Passed" start-time="2017-05-18 16:55:18Z" end-time="2017-05-18 16:55:18Z" duration="0.001372" asserts="1" />
      </test-suite>
      <test-suite type="TestFixture" id="1-1007" name="MakeChangeTests" fullname="VendingMachineKataTests.MakeChangeTests" classname="VendingMachineKataTests.MakeChangeTests" runstate="Runnable" testcasecount="3" result="Passed" start-time="2017-05-18 16:55:18Z" end-time="2017-05-18 16:55:18Z" duration="0.077475" total="3" passed="3" failed="0" warnings="0" inconclusive="0" skipped="0" asserts="6">
        <test-case id="1-1009" name="WhenProductCostLessRemainingDimeAndNickelPutInCoinReturn" fullname="VendingMachineKataTests.MakeChangeTests.WhenProductCostLessRemainingDimeAndNickelPutInCoinReturn" methodname="WhenProductCostLessRemainingDimeAndNickelPutInCoinReturn" classname="VendingMachineKataTests.MakeChangeTests" runstate="Runnable" seed="798577735" result="Passed" start-time="2017-05-18 16:55:18Z" end-time="2017-05-18 16:55:18Z" duration="0.002872" asserts="2" />
        <test-case id="1-1008" name="WhenProductCostLessRemainingQuarterAndDimePutInCoinReturn" fullname="VendingMachineKataTests.MakeChangeTests.WhenProductCostLessRemainingQuarterAndDimePutInCoinReturn" methodname="WhenProductCostLessRemainingQuarterAndDimePutInCoinReturn" classname="VendingMachineKataTests.MakeChangeTests" runstate="Runnable" seed="199193574" result="Passed" start-time="2017-05-18 16:55:18Z" end-time="2017-05-18 16:55:18Z" duration="0.002475" asserts="2" />
        <test-case id="1-1010" name="WhenProductCostLessRemainingTwoQuartersPutInCoinReturn" fullname="VendingMachineKataTests.MakeChangeTests.WhenProductCostLessRemainingTwoQuartersPutInCoinReturn" methodname="WhenProductCostLessRemainingTwoQuartersPutInCoinReturn" classname="VendingMachineKataTests.MakeChangeTests" runstate="Runnable" seed="1331618782" result="Passed" start-time="2017-05-18 16:55:18Z" end-time="2017-05-18 16:55:18Z" duration="0.002224" asserts="2" />
      </test-suite>
      <test-suite type="TestFixture" id="1-1011" name="ReturnCoinsTests" fullname="VendingMachineKataTests.ReturnCoinsTests" classname="VendingMachineKataTests.ReturnCoinsTests" runstate="Runnable" testcasecount="1" result="Passed" start-time="2017-05-18 16:55:18Z" end-time="2017-05-18 16:55:18Z" duration="0.015590" total="1" passed="1" failed="0" warnings="0" inconclusive="0" skipped="0" asserts="3">
        <test-case id="1-1012" name="ReturnCoinsReturnsMoneyAndDisplaysInsertCoin" fullname="VendingMachineKataTests.ReturnCoinsTests.ReturnCoinsReturnsMoneyAndDisplaysInsertCoin" methodname="ReturnCoinsReturnsMoneyAndDisplaysInsertCoin" classname="VendingMachineKataTests.ReturnCoinsTests" runstate="Runnable" seed="402669654" result="Passed" start-time="2017-05-18 16:55:18Z" end-time="2017-05-18 16:55:18Z" duration="0.008503" asserts="3" />
      </test-suite>
      <test-suite type="TestFixture" id="1-1013" name="SelectProductTests" fullname="VendingMachineKataTests.SelectProductTests" classname="VendingMachineKataTests.SelectProductTests" runstate="Runnable" testcasecount="4" result="Passed" start-time="2017-05-18 16:55:18Z" end-time="2017-05-18 16:55:18Z" duration="0.108711" total="4" passed="4" failed="0" warnings="0" inconclusive="0" skipped="0" asserts="19">
        <test-case id="1-1016" name="SelectCandyWithExactPriceReturnsCandyThenDisplaysThankYouThenDisplaysInsertCoinAndSetsCurrentAmountToZero" fullname="VendingMachineKataTests.SelectProductTests.SelectCandyWithExactPriceReturnsCandyThenDisplaysThankYouThenDisplaysInsertCoinAndSetsCurrentAmountToZero" methodname="SelectCandyWithExactPriceReturnsCandyThenDisplaysThankYouThenDisplaysInsertCoinAndSetsCurrentAmountToZero" classname="VendingMachineKataTests.SelectProductTests" runstate="Runnable" seed="1297721332" result="Passed" start-time="2017-05-18 16:55:18Z" end-time="2017-05-18 16:55:18Z" duration="0.012917" asserts="5" />
        <test-case id="1-1017" name="SelectCandyWithNotEnoughMoneyDisplaysCandyPriceThenDisplaysCurrentAmount" fullname="VendingMachineKataTests.SelectProductTests.SelectCandyWithNotEnoughMoneyDisplaysCandyPriceThenDisplaysCurrentAmount" methodname="SelectCandyWithNotEnoughMoneyDisplaysCandyPriceThenDisplaysCurrentAmount" classname="VendingMachineKataTests.SelectProductTests" runstate="Runnable" seed="149614760" result="Passed" start-time="2017-05-18 16:55:18Z" end-time="2017-05-18 16:55:18Z" duration="0.001196" asserts="4" />
        <test-case id="1-1015" name="SelectChipsWithExactPriceReturnsChipsThenDisplaysThankYouThenDisplaysInsertCoinAndSetsCurrentAmountToZero" fullname="VendingMachineKataTests.SelectProductTests.SelectChipsWithExactPriceReturnsChipsThenDisplaysThankYouThenDisplaysInsertCoinAndSetsCurrentAmountToZero" methodname="SelectChipsWithExactPriceReturnsChipsThenDisplaysThankYouThenDisplaysInsertCoinAndSetsCurrentAmountToZero" classname="VendingMachineKataTests.SelectProductTests" runstate="Runnable" seed="187566600" result="Passed" start-time="2017-05-18 16:55:18Z" end-time="2017-05-18 16:55:18Z" duration="0.000934" asserts="5" />
        <test-case id="1-1014" name="SelectColaWithExactPriceReturnsColaThenDisplaysThankYouThenDisplaysInsertCoinAndSetsCurrentAmountToZero" fullname="VendingMachineKataTests.SelectProductTests.SelectColaWithExactPriceReturnsColaThenDisplaysThankYouThenDisplaysInsertCoinAndSetsCurrentAmountToZero" methodname="SelectColaWithExactPriceReturnsColaThenDisplaysThankYouThenDisplaysInsertCoinAndSetsCurrentAmountToZero" classname="VendingMachineKataTests.SelectProductTests" runstate="Runnable" seed="44972179" result="Passed" start-time="2017-05-18 16:55:18Z" end-time="2017-05-18 16:55:18Z" duration="0.001139" asserts="5" />
      </test-suite>
      <test-suite type="TestFixture" id="1-1018" name="SoldOutTests" fullname="VendingMachineKataTests.SoldOutTests" classname="VendingMachineKataTests.SoldOutTests" runstate="Runnable" testcasecount="2" result="Passed" start-time="2017-05-18 16:55:18Z" end-time="2017-05-18 16:55:18Z" duration="0.062124" total="2" passed="2" failed="0" warnings="0" inconclusive="0" skipped="0" asserts="7">
        <test-case id="1-1020" name="OutOfStockDisplaysSoldOutThenDisplaysInsertCoinWhenNoAmountInserted" fullname="VendingMachineKataTests.SoldOutTests.OutOfStockDisplaysSoldOutThenDisplaysInsertCoinWhenNoAmountInserted" methodname="OutOfStockDisplaysSoldOutThenDisplaysInsertCoinWhenNoAmountInserted" classname="VendingMachineKataTests.SoldOutTests" runstate="Runnable" seed="17779464" result="Passed" start-time="2017-05-18 16:55:18Z" end-time="2017-05-18 16:55:18Z" duration="0.002176" asserts="3" />
        <test-case id="1-1019" name="OutOfStockDisplaysSoldOutThenDisplaysInsertedAmountWhenAmountInserted" fullname="VendingMachineKataTests.SoldOutTests.OutOfStockDisplaysSoldOutThenDisplaysInsertedAmountWhenAmountInserted" methodname="OutOfStockDisplaysSoldOutThenDisplaysInsertedAmountWhenAmountInserted" classname="VendingMachineKataTests.SoldOutTests" runstate="Runnable" seed="1682943358" result="Passed" start-time="2017-05-18 16:55:18Z" end-time="2017-05-18 16:55:18Z" duration="0.000934" asserts="4" />
      </test-suite>
    </test-suite>
  </test-suite>
</test-run>